###############################################################
#  Generated by:      Cadence Innovus 20.15-s105_1
#  OS:                Linux x86_64(Host ID ee24)
#  Generated on:      Sun May 31 23:54:06 2026
#  Design:            CHIP
###############################################################

SPACING: Blockage of Cell IOFILLER_W_0 & Blockage of Cell bottomleft  ( metal6 )
Bounds : ( 0.000, 139.280 ) ( 139.280, 140.120 )
Actual:     0.84     Min:     1


SPACING: Blockage of Cell IOFILLER_S_337 & Blockage of Cell bottomright  ( metal6 )
Bounds : ( 4190.580, 0.000 ) ( 4191.420, 139.280 )
Actual:     0.84     Min:     1


OVERLAP: Cell IOFILLER_W_348 & Cell IOFILLER_W_347
Bounds : ( 0.000, 4171.380 ) ( 140.120, 4171.980 )


OVERLAP: Blockage of Cell IOFILLER_W_347 & Blockage of Cell IOFILLER_W_348  ( metal6 )
Bounds : ( 0.000, 4171.380 ) ( 139.280, 4171.980 )


OVERLAP: Blockage of Cell IOFILLER_W_347 & Blockage of Cell IOFILLER_W_348  ( metal5 )
Bounds : ( 0.000, 4171.380 ) ( 139.280, 4171.980 )


OVERLAP: Blockage of Cell IOFILLER_W_347 & Blockage of Cell IOFILLER_W_348  ( metal4 )
Bounds : ( 0.000, 4171.380 ) ( 139.280, 4171.980 )


OVERLAP: Blockage of Cell IOFILLER_W_347 & Blockage of Cell IOFILLER_W_348  ( metal3 )
Bounds : ( 0.000, 4171.380 ) ( 139.280, 4171.980 )


OVERLAP: Blockage of Cell IOFILLER_W_347 & Blockage of Cell IOFILLER_W_348  ( metal2 )
Bounds : ( 0.000, 4171.380 ) ( 139.280, 4171.980 )


OVERLAP: Blockage of Cell IOFILLER_W_347 & Blockage of Cell IOFILLER_W_348  ( metal1 )
Bounds : ( 0.000, 4171.380 ) ( 139.280, 4171.980 )


SPACING: Blockage of Cell IOFILLER_N_0 & Blockage of Cell topleft  ( metal6 )
Bounds : ( 139.280, 4172.840 ) ( 140.120, 4312.120 )
Actual:     0.84     Min:     1


OVERLAP: Cell IOFILLER_E_343 & Cell IOFILLER_E_342
Bounds : ( 4190.580, 4171.380 ) ( 4330.700, 4171.980 )


OVERLAP: Blockage of Cell IOFILLER_E_342 & Blockage of Cell IOFILLER_E_343  ( metal6 )
Bounds : ( 4191.420, 4171.380 ) ( 4330.700, 4171.980 )


OVERLAP: Blockage of Cell IOFILLER_E_342 & Blockage of Cell IOFILLER_E_343  ( metal5 )
Bounds : ( 4191.420, 4171.380 ) ( 4330.700, 4171.980 )


OVERLAP: Blockage of Cell IOFILLER_E_342 & Blockage of Cell IOFILLER_E_343  ( metal4 )
Bounds : ( 4191.420, 4171.380 ) ( 4330.700, 4171.980 )


OVERLAP: Blockage of Cell IOFILLER_E_342 & Blockage of Cell IOFILLER_E_343  ( metal3 )
Bounds : ( 4191.420, 4171.380 ) ( 4330.700, 4171.980 )


OVERLAP: Blockage of Cell IOFILLER_E_342 & Blockage of Cell IOFILLER_E_343  ( metal2 )
Bounds : ( 4191.420, 4171.380 ) ( 4330.700, 4171.980 )


OVERLAP: Blockage of Cell IOFILLER_E_342 & Blockage of Cell IOFILLER_E_343  ( metal1 )
Bounds : ( 4191.420, 4171.380 ) ( 4330.700, 4171.980 )


SPACING: Blockage of Cell IOFILLER_E_343 & Blockage of Cell topright  ( metal6 )
Bounds : ( 4191.420, 4172.000 ) ( 4330.700, 4172.840 )
Actual:     0.84     Min:     1



Begin Summary ...
  Cells       : 0
  SameNet     : 4
  Wiring      : 0
  Antenna     : 0
  Short       : 0
  Overlap     : 14
End Summary

  Total Violations : 18 Viols.
