                     Cell Name |     Power-Grid View |      Number of Instances
-------------------------------------------------------------------------------
                           AN2 |             StdCell |                      155
                        AN2B1S |             StdCell |                      218
                          AN2P |             StdCell |                        7
                          AN2S |             StdCell |                       93
                          AN2T |             StdCell |                        1
                           AN3 |             StdCell |                       24
                        AN3B2S |             StdCell |                        2
                          AN3S |             StdCell |                        5
                        AN4B1S |             StdCell |                       23
                          AN4S |             StdCell |                        3
                       ANTENNA |             StdCell |                      345
                         AO112 |             StdCell |                        1
                        AO112S |             StdCell |                        2
                          AO12 |             StdCell |                       72
                         AO12P |             StdCell |                        1
                         AO12S |             StdCell |                      246
                         AO13S |             StdCell |                        8
                          AO22 |             StdCell |                      424
                         AO222 |             StdCell |                       12
                        AO222S |             StdCell |                      477
                        AO222T |             StdCell |                        1
                         AO22P |             StdCell |                        2
                         AO22S |             StdCell |                      830
                       AOI12HS |             StdCell |                      327
                       AOI13HS |             StdCell |                       47
                        AOI22S |             StdCell |                      924
                          BUF1 |             StdCell |                      363
                       BUF12CK |             StdCell |                        1
                         BUF1S |             StdCell |                       17
                          BUF2 |             StdCell |                       97
                          BUF3 |             StdCell |                       70
                          BUF4 |             StdCell |                       32
                          BUF6 |             StdCell |                        2
                        BUF6CK |             StdCell |                        1
                          BUF8 |             StdCell |                        9
                        DFCRBN |             StdCell |                        1
                        DFFSBN |             StdCell |                        4
                           FA1 |             StdCell |                      140
                          FA1S |             StdCell |                     7221
                        FACS1S |             StdCell |                        3
                       FILLER1 |             StdCell |                    18030
                      FILLER16 |             StdCell |                     5669
                       FILLER2 |             StdCell |                    18636
                      FILLER32 |             StdCell |                     2060
                       FILLER4 |             StdCell |                    16576
                      FILLER64 |             StdCell |                    31528
                       FILLER8 |             StdCell |                     7675
                         GNDKD |               Early |                        4
                           HA1 |             StdCell |                      361
                          HA1S |             StdCell |                      271
                       INV12CK |             StdCell |                       97
                         INV1S |             StdCell |                     2911
                          INV2 |             StdCell |                       98
                        INV2CK |             StdCell |                        1
                          INV3 |             StdCell |                       40
                          INV4 |             StdCell |                       23
                        INV4CK |             StdCell |                        7
                          INV6 |             StdCell |                        3
                        INV6CK |             StdCell |                       25
                        INV8CK |             StdCell |                       20
                        MAO222 |             StdCell |                       25
                       MAO222S |             StdCell |                        5
                        MAOI1S |             StdCell |                        3
                         MOAI1 |             StdCell |                      131
                        MOAI1H |             StdCell |                       13
                        MOAI1S |             StdCell |                     1323
                          MUX2 |             StdCell |                        5
                         MUX2S |             StdCell |                       10
                        MXL2HS |             StdCell |                        1
                           ND2 |             StdCell |                      936
                          ND2P |             StdCell |                       75
                          ND2S |             StdCell |                     2688
                           ND3 |             StdCell |                       68
                          ND3P |             StdCell |                        2
                          ND3S |             StdCell |                      216
                           NR2 |             StdCell |                     4986
                          NR2P |             StdCell |                       17
                           NR3 |             StdCell |                       24
                        OA112S |             StdCell |                        2
                          OA12 |             StdCell |                       16
                         OA12P |             StdCell |                        1
                         OA12S |             StdCell |                       14
                          OA13 |             StdCell |                        3
                         OA13S |             StdCell |                        8
                        OA222S |             StdCell |                        5
                         OA22S |             StdCell |                        4
                      OAI112HS |             StdCell |                       13
                       OAI12HS |             StdCell |                      493
                       OAI222S |             StdCell |                        5
                        OAI22S |             StdCell |                     1740
                           OR2 |             StdCell |                       84
                        OR2B1S |             StdCell |                      215
                          OR2S |             StdCell |                      471
                         OR3B2 |             StdCell |                        1
                        OR3B2S |             StdCell |                       11
                          OR3S |             StdCell |                       12
                         QDFFN |             StdCell |                        4
                       QDFFRBN |             StdCell |                       11
                       QDFFRBS |             StdCell |                      107
                         QDFFS |             StdCell |                     3198
                   SRAM_128X16 |               Early |                       16
                  SRAM_512X128 |               Early |                        2
          SUMA180_1024X32X1BM2 |               Early |                        1
                          TIE0 |             StdCell |                        1
                          TIE1 |             StdCell |                        1
                         XNR2H |             StdCell |                       14
                        XNR2HS |             StdCell |                     2197
                        XOR2HS |             StdCell |                      374
                         XOR3S |             StdCell |                        3
