Voltage source current:
      Range  Source       Source        Location    Layer
      Index  Current      Name          (um)
      -----  --------     -------------------------------
         1    1.1104e-02A   GNDvsrc24   4191.95, 837.82  ME1_C
         2    1.0973e-02A   GNDvsrc18   4191.95, 857.77  ME1_C
         1    1.1526e-02A   GNDvsrc12   4191.95, 877.72  ME1_C
         3    7.9886e-03A   GNDvsrc72   138.75, 784.10  ME1_C
         4    7.4915e-03A   GNDvsrc60   138.75, 744.20  ME1_C
         4    7.4402e-03A   GNDvsrc66   138.75, 764.15  ME1_C
         1    1.2149e-02A   GNDvsrc89   764.15, 4173.37  ME2_C
         1    1.2561e-02A   GNDvsrc95   784.10, 4173.37  ME2_C
         1    1.2412e-02A   GNDvsrc83   744.20, 4173.37  ME2_C
         6    4.6526e-03A   GNDvsrc47   744.20, 138.75  ME2_C
         6    4.5871e-03A   GNDvsrc41   764.15, 138.75  ME2_C
         5    4.7645e-03A   GNDvsrc35   784.10, 138.75  ME2_C
         8   -0.0000e+00A   GNDvsrc84   744.20, 4174.50  ME1_C
         8   -0.0000e+00A   GNDvsrc90   764.15, 4174.50  ME1_C
         8   -0.0000e+00A   GNDvsrc96   784.10, 4174.50  ME1_C
         8   -0.0000e+00A   GNDvsrc78   764.15, 4310.62  ME1_C
         8   -0.0000e+00A   GNDvsrc77   764.15, 4310.62  ME2_C
         8   -0.0000e+00A   GNDvsrc82   744.20, 4174.50  ME3_C
         8   -0.0000e+00A   GNDvsrc88   764.15, 4174.50  ME3_C
         8   -0.0000e+00A   GNDvsrc94   784.10, 4174.50  ME3_C
         8   -0.0000e+00A   GNDvsrc76   764.15, 4310.62  ME3_C
         8   -0.0000e+00A   GNDvsrc81   744.20, 4174.50  ME4_C
         8   -0.0000e+00A   GNDvsrc87   764.15, 4174.50  ME4_C
         8   -0.0000e+00A   GNDvsrc93   784.10, 4174.50  ME4_C
         8   -0.0000e+00A   GNDvsrc75   764.15, 4310.62  ME4_C
         8   -0.0000e+00A   GNDvsrc80   744.20, 4174.50  ME5_C
         8   -0.0000e+00A   GNDvsrc86   764.15, 4174.50  ME5_C
         8   -0.0000e+00A   GNDvsrc92   784.10, 4174.50  ME5_C
         8   -0.0000e+00A   GNDvsrc74   764.15, 4310.62  ME5_C
         8   -0.0000e+00A   GNDvsrc79   744.20, 4174.50  ME6_C
         8   -0.0000e+00A   GNDvsrc85   764.15, 4174.50  ME6_C
         8   -0.0000e+00A   GNDvsrc91   784.10, 4174.50  ME6_C
         8   -0.0000e+00A   GNDvsrc73   764.15, 4310.62  ME6_C
         8   -0.0000e+00A   GNDvsrc54   1.50, 764.15  ME1_C
         8   -0.0000e+00A   GNDvsrc59   137.62, 744.20  ME2_C
         8   -0.0000e+00A   GNDvsrc65   137.62, 764.15  ME2_C
         8   -0.0000e+00A   GNDvsrc71   137.62, 784.10  ME2_C
         8   -0.0000e+00A   GNDvsrc53   1.50, 764.15  ME2_C
         8   -0.0000e+00A   GNDvsrc58   137.62, 744.20  ME3_C
         8   -0.0000e+00A   GNDvsrc64   137.62, 764.15  ME3_C
         8   -0.0000e+00A   GNDvsrc70   137.62, 784.10  ME3_C
         8   -0.0000e+00A   GNDvsrc52   1.50, 764.15  ME3_C
         8   -0.0000e+00A   GNDvsrc57   137.62, 744.20  ME4_C
         8   -0.0000e+00A   GNDvsrc63   137.62, 764.15  ME4_C
         8   -0.0000e+00A   GNDvsrc69   137.62, 784.10  ME4_C
         8   -0.0000e+00A   GNDvsrc51   1.50, 764.15  ME4_C
         8   -0.0000e+00A   GNDvsrc56   137.62, 744.20  ME5_C
         8   -0.0000e+00A   GNDvsrc62   137.62, 764.15  ME5_C
         8   -0.0000e+00A   GNDvsrc68   137.62, 784.10  ME5_C
         8   -0.0000e+00A   GNDvsrc50   1.50, 764.15  ME5_C
         8   -0.0000e+00A   GNDvsrc55   137.62, 744.20  ME6_C
         8   -0.0000e+00A   GNDvsrc61   137.62, 764.15  ME6_C
         8   -0.0000e+00A   GNDvsrc67   137.62, 784.10  ME6_C
         8   -0.0000e+00A   GNDvsrc49   1.50, 764.15  ME6_C
         8   -0.0000e+00A   GNDvsrc36   784.10, 137.62  ME1_C
         8   -0.0000e+00A   GNDvsrc42   764.15, 137.62  ME1_C
         8   -0.0000e+00A   GNDvsrc48   744.20, 137.62  ME1_C
         8   -0.0000e+00A   GNDvsrc30   764.15, 1.50  ME1_C
         8   -0.0000e+00A   GNDvsrc29   764.15, 1.50  ME2_C
         8   -0.0000e+00A   GNDvsrc34   784.10, 137.62  ME3_C
         8   -0.0000e+00A   GNDvsrc40   764.15, 137.62  ME3_C
         8   -0.0000e+00A   GNDvsrc46   744.20, 137.62  ME3_C
         8   -0.0000e+00A   GNDvsrc28   764.15, 1.50  ME3_C
         8   -0.0000e+00A   GNDvsrc33   784.10, 137.62  ME4_C
         8   -0.0000e+00A   GNDvsrc39   764.15, 137.62  ME4_C
         8   -0.0000e+00A   GNDvsrc45   744.20, 137.62  ME4_C
         8   -0.0000e+00A   GNDvsrc27   764.15, 1.50  ME4_C
         8   -0.0000e+00A   GNDvsrc32   784.10, 137.62  ME5_C
         8   -0.0000e+00A   GNDvsrc38   764.15, 137.62  ME5_C
         8   -0.0000e+00A   GNDvsrc44   744.20, 137.62  ME5_C
         8   -0.0000e+00A   GNDvsrc26   764.15, 1.50  ME5_C
         8   -0.0000e+00A   GNDvsrc31   784.10, 137.62  ME6_C
         8   -0.0000e+00A   GNDvsrc37   764.15, 137.62  ME6_C
         8   -0.0000e+00A   GNDvsrc43   744.20, 137.62  ME6_C
         8   -0.0000e+00A   GNDvsrc25   764.15, 1.50  ME6_C
         8   -0.0000e+00A   GNDvsrc6   4329.20, 857.77  ME1_C
         8   -0.0000e+00A   GNDvsrc11   4193.08, 877.72  ME2_C
         8   -0.0000e+00A   GNDvsrc17   4193.08, 857.77  ME2_C
         8   -0.0000e+00A   GNDvsrc23   4193.08, 837.82  ME2_C
         8   -0.0000e+00A   GNDvsrc5   4329.20, 857.77  ME2_C
         8   -0.0000e+00A   GNDvsrc10   4193.08, 877.72  ME3_C
         8   -0.0000e+00A   GNDvsrc16   4193.08, 857.77  ME3_C
         8   -0.0000e+00A   GNDvsrc22   4193.08, 837.82  ME3_C
         8   -0.0000e+00A   GNDvsrc4   4329.20, 857.77  ME3_C
         8   -0.0000e+00A   GNDvsrc9   4193.08, 877.72  ME4_C
         8   -0.0000e+00A   GNDvsrc15   4193.08, 857.77  ME4_C
         8   -0.0000e+00A   GNDvsrc21   4193.08, 837.82  ME4_C
         8   -0.0000e+00A   GNDvsrc3   4329.20, 857.77  ME4_C
         8   -0.0000e+00A   GNDvsrc8   4193.08, 877.72  ME5_C
         8   -0.0000e+00A   GNDvsrc14   4193.08, 857.77  ME5_C
         8   -0.0000e+00A   GNDvsrc20   4193.08, 837.82  ME5_C
         8   -0.0000e+00A   GNDvsrc2   4329.20, 857.77  ME5_C
         8   -0.0000e+00A   GNDvsrc7   4193.08, 877.72  ME6_C
         8   -0.0000e+00A   GNDvsrc13   4193.08, 857.77  ME6_C
         8   -0.0000e+00A   GNDvsrc19   4193.08, 837.82  ME6_C
         8   -0.0000e+00A   GNDvsrc1   4329.20, 857.77  ME6_C
*
* Data filtering results for voltage source current:
  Minimum, Average, Maximum Voltage Source Current: 0.000A, 1.121mA, 12.561mA
  Total Current: 0.108A
    Range 1(  10.991mA  -    12.562mA ):         5 (  5.21%)
    Range 2(   9.421mA  -    10.991mA ):         1 (  1.04%)
    Range 3(   7.850mA  -     9.421mA ):         1 (  1.04%)
    Range 4(   6.280mA  -     7.850mA ):         2 (  2.08%)
    Range 5(   4.710mA  -     6.280mA ):         1 (  1.04%)
    Range 6(   3.140mA  -     4.710mA ):         2 (  2.08%)
    Range 7(   1.570mA  -     3.140mA ):         0 (  0.00%)
    Range 8(    0.000A  -     1.570mA ):        84 ( 87.50%)
