Voltage source current:
      Range  Source       Source        Location    Layer
      Index  Current      Name          (um)
      -----  --------     -------------------------------
         2   -1.1132e-02A   VCCvsrc12   4191.95, 744.51  ME1_C
         2   -1.0822e-02A   VCCvsrc18   4191.95, 764.15  ME1_C
         1   -1.1616e-02A   VCCvsrc24   4191.95, 783.79  ME1_C
         4   -7.1722e-03A   VCCvsrc72   138.75, 650.89  ME1_C
         4   -7.0658e-03A   VCCvsrc66   138.75, 670.53  ME1_C
         4   -7.7232e-03A   VCCvsrc60   138.75, 690.17  ME1_C
         1   -1.2408e-02A   VCCvsrc89   670.53, 4173.37  ME2_C
         1   -1.2938e-02A   VCCvsrc83   690.17, 4173.37  ME2_C
         1   -1.2846e-02A   VCCvsrc95   650.89, 4173.37  ME2_C
         6   -4.6424e-03A   VCCvsrc35   650.89, 138.75  ME2_C
         6   -4.5289e-03A   VCCvsrc41   670.53, 138.75  ME2_C
         6   -4.7555e-03A   VCCvsrc47   690.17, 138.75  ME2_C
         8   -0.0000e+00A   VCCvsrc96   650.89, 4174.50  ME1_C
         8   -0.0000e+00A   VCCvsrc90   670.53, 4174.50  ME1_C
         8   -0.0000e+00A   VCCvsrc84   690.17, 4174.50  ME1_C
         8   -0.0000e+00A   VCCvsrc78   670.53, 4310.62  ME1_C
         8   -0.0000e+00A   VCCvsrc77   670.53, 4310.62  ME2_C
         8   -0.0000e+00A   VCCvsrc94   650.89, 4174.50  ME3_C
         8   -0.0000e+00A   VCCvsrc88   670.53, 4174.50  ME3_C
         8   -0.0000e+00A   VCCvsrc82   690.17, 4174.50  ME3_C
         8   -0.0000e+00A   VCCvsrc76   670.53, 4310.62  ME3_C
         8   -0.0000e+00A   VCCvsrc93   650.89, 4174.50  ME4_C
         8   -0.0000e+00A   VCCvsrc87   670.53, 4174.50  ME4_C
         8   -0.0000e+00A   VCCvsrc81   690.17, 4174.50  ME4_C
         8   -0.0000e+00A   VCCvsrc75   670.53, 4310.62  ME4_C
         8   -0.0000e+00A   VCCvsrc92   650.89, 4174.50  ME5_C
         8   -0.0000e+00A   VCCvsrc86   670.53, 4174.50  ME5_C
         8   -0.0000e+00A   VCCvsrc80   690.17, 4174.50  ME5_C
         8   -0.0000e+00A   VCCvsrc74   670.53, 4310.62  ME5_C
         8   -0.0000e+00A   VCCvsrc91   650.89, 4174.50  ME6_C
         8   -0.0000e+00A   VCCvsrc85   670.53, 4174.50  ME6_C
         8   -0.0000e+00A   VCCvsrc79   690.17, 4174.50  ME6_C
         8   -0.0000e+00A   VCCvsrc73   670.53, 4310.62  ME6_C
         8   -0.0000e+00A   VCCvsrc54   1.50, 670.53  ME1_C
         8   -0.0000e+00A   VCCvsrc71   137.62, 650.89  ME2_C
         8   -0.0000e+00A   VCCvsrc65   137.62, 670.53  ME2_C
         8   -0.0000e+00A   VCCvsrc59   137.62, 690.17  ME2_C
         8   -0.0000e+00A   VCCvsrc53   1.50, 670.53  ME2_C
         8   -0.0000e+00A   VCCvsrc70   137.62, 650.89  ME3_C
         8   -0.0000e+00A   VCCvsrc64   137.62, 670.53  ME3_C
         8   -0.0000e+00A   VCCvsrc58   137.62, 690.17  ME3_C
         8   -0.0000e+00A   VCCvsrc52   1.50, 670.53  ME3_C
         8   -0.0000e+00A   VCCvsrc69   137.62, 650.89  ME4_C
         8   -0.0000e+00A   VCCvsrc63   137.62, 670.53  ME4_C
         8   -0.0000e+00A   VCCvsrc57   137.62, 690.17  ME4_C
         8   -0.0000e+00A   VCCvsrc51   1.50, 670.53  ME4_C
         8   -0.0000e+00A   VCCvsrc68   137.62, 650.89  ME5_C
         8   -0.0000e+00A   VCCvsrc62   137.62, 670.53  ME5_C
         8   -0.0000e+00A   VCCvsrc56   137.62, 690.17  ME5_C
         8   -0.0000e+00A   VCCvsrc50   1.50, 670.53  ME5_C
         8   -0.0000e+00A   VCCvsrc67   137.62, 650.89  ME6_C
         8   -0.0000e+00A   VCCvsrc61   137.62, 670.53  ME6_C
         8   -0.0000e+00A   VCCvsrc55   137.62, 690.17  ME6_C
         8   -0.0000e+00A   VCCvsrc49   1.50, 670.53  ME6_C
         8   -0.0000e+00A   VCCvsrc48   690.17, 137.62  ME1_C
         8   -0.0000e+00A   VCCvsrc42   670.53, 137.62  ME1_C
         8   -0.0000e+00A   VCCvsrc36   650.89, 137.62  ME1_C
         8   -0.0000e+00A   VCCvsrc30   670.53, 1.50  ME1_C
         8   -0.0000e+00A   VCCvsrc29   670.53, 1.50  ME2_C
         8   -0.0000e+00A   VCCvsrc46   690.17, 137.62  ME3_C
         8   -0.0000e+00A   VCCvsrc40   670.53, 137.62  ME3_C
         8   -0.0000e+00A   VCCvsrc34   650.89, 137.62  ME3_C
         8   -0.0000e+00A   VCCvsrc28   670.53, 1.50  ME3_C
         8   -0.0000e+00A   VCCvsrc45   690.17, 137.62  ME4_C
         8   -0.0000e+00A   VCCvsrc39   670.53, 137.62  ME4_C
         8   -0.0000e+00A   VCCvsrc33   650.89, 137.62  ME4_C
         8   -0.0000e+00A   VCCvsrc27   670.53, 1.50  ME4_C
         8   -0.0000e+00A   VCCvsrc44   690.17, 137.62  ME5_C
         8   -0.0000e+00A   VCCvsrc38   670.53, 137.62  ME5_C
         8   -0.0000e+00A   VCCvsrc32   650.89, 137.62  ME5_C
         8   -0.0000e+00A   VCCvsrc26   670.53, 1.50  ME5_C
         8   -0.0000e+00A   VCCvsrc43   690.17, 137.62  ME6_C
         8   -0.0000e+00A   VCCvsrc37   670.53, 137.62  ME6_C
         8   -0.0000e+00A   VCCvsrc31   650.89, 137.62  ME6_C
         8   -0.0000e+00A   VCCvsrc25   670.53, 1.50  ME6_C
         8   -0.0000e+00A   VCCvsrc6   4329.20, 764.15  ME1_C
         8   -0.0000e+00A   VCCvsrc23   4193.08, 783.79  ME2_C
         8   -0.0000e+00A   VCCvsrc17   4193.08, 764.15  ME2_C
         8   -0.0000e+00A   VCCvsrc11   4193.08, 744.51  ME2_C
         8   -0.0000e+00A   VCCvsrc5   4329.20, 764.15  ME2_C
         8   -0.0000e+00A   VCCvsrc22   4193.08, 783.79  ME3_C
         8   -0.0000e+00A   VCCvsrc16   4193.08, 764.15  ME3_C
         8   -0.0000e+00A   VCCvsrc10   4193.08, 744.51  ME3_C
         8   -0.0000e+00A   VCCvsrc4   4329.20, 764.15  ME3_C
         8   -0.0000e+00A   VCCvsrc21   4193.08, 783.79  ME4_C
         8   -0.0000e+00A   VCCvsrc15   4193.08, 764.15  ME4_C
         8   -0.0000e+00A   VCCvsrc9   4193.08, 744.51  ME4_C
         8   -0.0000e+00A   VCCvsrc3   4329.20, 764.15  ME4_C
         8   -0.0000e+00A   VCCvsrc20   4193.08, 783.79  ME5_C
         8   -0.0000e+00A   VCCvsrc14   4193.08, 764.15  ME5_C
         8   -0.0000e+00A   VCCvsrc8   4193.08, 744.51  ME5_C
         8   -0.0000e+00A   VCCvsrc2   4329.20, 764.15  ME5_C
         8   -0.0000e+00A   VCCvsrc19   4193.08, 783.79  ME6_C
         8   -0.0000e+00A   VCCvsrc13   4193.08, 764.15  ME6_C
         8   -0.0000e+00A   VCCvsrc7   4193.08, 744.51  ME6_C
         8   -0.0000e+00A   VCCvsrc1   4329.20, 764.15  ME6_C
*
* Data filtering results for voltage source current:
  Minimum, Average, Maximum Voltage Source Current: -12.938mA, -1.121mA, 0.000A
  Total Current: -0.108A
    Range 1( -12.940mA  -   -11.321mA ):         4 (  4.17%)
    Range 2( -11.321mA  -    -9.704mA ):         2 (  2.08%)
    Range 3(  -9.704mA  -    -8.086mA ):         0 (  0.00%)
    Range 4(  -8.086mA  -    -6.469mA ):         3 (  3.12%)
    Range 5(  -6.469mA  -    -4.852mA ):         0 (  0.00%)
    Range 6(  -4.852mA  -    -3.235mA ):         3 (  3.12%)
    Range 7(  -3.235mA  -    -1.617mA ):         0 (  0.00%)
    Range 8(  -1.617mA  -      0.000A ):        84 ( 87.50%)
