###############################################################
#  Generated by:      Cadence Innovus 20.15-s105_1
#  OS:                Linux x86_64(Host ID ee24)
#  Generated on:      Tue May 26 21:13:21 2026
#  Design:            CHIP
###############################################################

SPACING: Blockage of Cell IOFILLER_W_0 & Blockage of Cell bottomleft  ( metal6 )
Bounds : ( 0.000, 139.280 ) ( 139.280, 140.120 )
Actual:     0.84     Min:     1


SPACING: Blockage of Cell bottomright & Blockage of Cell IOFILLER_S_67  ( metal6 )
Bounds : ( 1765.140, 0.000 ) ( 1765.980, 139.280 )
Actual:     0.84     Min:     1


OVERLAP: Cell IOFILLER_W_78 & Cell IOFILLER_W_77
Bounds : ( 0.000, 1753.860 ) ( 140.120, 1753.980 )


OVERLAP: Blockage of Cell IOFILLER_W_77 & Blockage of Cell IOFILLER_W_78  ( metal6 )
Bounds : ( 0.000, 1753.860 ) ( 139.280, 1753.980 )


OVERLAP: Blockage of Cell IOFILLER_W_77 & Blockage of Cell IOFILLER_W_78  ( metal5 )
Bounds : ( 0.000, 1753.860 ) ( 139.280, 1753.980 )


OVERLAP: Blockage of Cell IOFILLER_W_77 & Blockage of Cell IOFILLER_W_78  ( metal4 )
Bounds : ( 0.000, 1753.860 ) ( 139.280, 1753.980 )


OVERLAP: Blockage of Cell IOFILLER_W_77 & Blockage of Cell IOFILLER_W_78  ( metal3 )
Bounds : ( 0.000, 1753.860 ) ( 139.280, 1753.980 )


OVERLAP: Blockage of Cell IOFILLER_W_77 & Blockage of Cell IOFILLER_W_78  ( metal2 )
Bounds : ( 0.000, 1753.860 ) ( 139.280, 1753.980 )


OVERLAP: Blockage of Cell IOFILLER_W_77 & Blockage of Cell IOFILLER_W_78  ( metal1 )
Bounds : ( 0.000, 1753.860 ) ( 139.280, 1753.980 )


SPACING: Blockage of Cell IOFILLER_N_0 & Blockage of Cell topleft  ( metal6 )
Bounds : ( 139.280, 1755.320 ) ( 140.120, 1894.600 )
Actual:     0.84     Min:     1


OVERLAP: Cell IOFILLER_E_78 & Cell IOFILLER_E_77
Bounds : ( 1765.140, 1753.860 ) ( 1905.260, 1753.980 )


OVERLAP: Blockage of Cell IOFILLER_E_77 & Blockage of Cell IOFILLER_E_78  ( metal6 )
Bounds : ( 1765.980, 1753.860 ) ( 1905.260, 1753.980 )


OVERLAP: Blockage of Cell IOFILLER_E_77 & Blockage of Cell IOFILLER_E_78  ( metal5 )
Bounds : ( 1765.980, 1753.860 ) ( 1905.260, 1753.980 )


OVERLAP: Blockage of Cell IOFILLER_E_77 & Blockage of Cell IOFILLER_E_78  ( metal4 )
Bounds : ( 1765.980, 1753.860 ) ( 1905.260, 1753.980 )


OVERLAP: Blockage of Cell IOFILLER_E_77 & Blockage of Cell IOFILLER_E_78  ( metal3 )
Bounds : ( 1765.980, 1753.860 ) ( 1905.260, 1753.980 )


OVERLAP: Blockage of Cell IOFILLER_E_77 & Blockage of Cell IOFILLER_E_78  ( metal2 )
Bounds : ( 1765.980, 1753.860 ) ( 1905.260, 1753.980 )


OVERLAP: Blockage of Cell IOFILLER_E_77 & Blockage of Cell IOFILLER_E_78  ( metal1 )
Bounds : ( 1765.980, 1753.860 ) ( 1905.260, 1753.980 )


SPACING: Blockage of Cell topright & Blockage of Cell IOFILLER_E_78  ( metal6 )
Bounds : ( 1765.980, 1754.480 ) ( 1905.260, 1755.320 )
Actual:     0.84     Min:     1



Begin Summary ...
  Cells       : 0
  SameNet     : 4
  Wiring      : 0
  Antenna     : 0
  Short       : 0
  Overlap     : 14
End Summary

  Total Violations : 18 Viols.
